<?xml version="1.0" encoding="UTF-8"?>
<!-- Generated by org.testng.reporters.JUnitXMLReporter -->
<testsuite hostname="R90N0UZM-PC" ignored="2" tests="0" failures="0" timestamp="21 Feb 2018 07:43:43 GMT" time="0.018" errors="0">
  <testcase name="@BeforeSuite setUpReportListener" time="0.0" classname="eohmc.selenium.core.helperClasses.BaseClassHelper">
    <ignored/>
  </testcase> <!-- @BeforeSuite setUpReportListener -->
  <testcase name="@AfterSuite tearDown" time="0.0" classname="eohmc.selenium.core.helperClasses.BaseClassHelper">
    <ignored/>
  </testcase> <!-- @AfterSuite tearDown -->
</testsuite>
