<?xml version="1.0" encoding="UTF-8" ?>
<testsuite tests="1" failures="1" name="eohmc.selenium.core.testCases.om.TS1_CheckSiteStatusTestClass" time="41.35" errors="0" skipped="0">
  <properties>
[...]
</properties>
  <testcase classname="eohmc.selenium.core.testCases.om.TS1_CheckSiteStatusTestClass" name="verifyHomepageExist" time="9.358">
    <failure message="Failed to decode response from marionette
Build info: version: &apos;3.9.1&apos;, revision: &apos;63f7b50&apos;, time: &apos;2018-02-07T22:25:02.294Z&apos;
System info: host: &apos;R90N0UZM-PC&apos;, ip: &apos;10.101.0.98&apos;, os.name: &apos;Windows 8.1&apos;, os.arch: &apos;amd64&apos;, os.version: &apos;6.3&apos;, java.version: &apos;1.8.0_25&apos;
Driver info: org.openqa.selenium.firefox.FirefoxDriver
Capabilities {acceptInsecureCerts: true, browserName: firefox, browserVersion: 58.0.2, javascriptEnabled: true, moz:accessibilityChecks: false, moz:headless: false, moz:processID: 19604, moz:profile: C:\Users\KhutheleM\AppData\..., moz:webdriverClick: true, pageLoadStrategy: normal, platform: XP, platformName: XP, platformVersion: 10.0, rotatable: false, timeouts: {implicit: 0, pageLoad: 300000, script: 30000}}
Session ID: 70855035-fbad-4ee2-ad06-0b315ae4379c
*** Element info: {Using=link text, value=Register for a service}" type="org.openqa.selenium.WebDriverException">org.openqa.selenium.WebDriverException: Failed to decode response from marionette
Build info: version: &apos;3.9.1&apos;, revision: &apos;63f7b50&apos;, time: &apos;2018-02-07T22:25:02.294Z&apos;
System info: host: &apos;R90N0UZM-PC&apos;, ip: &apos;10.101.0.98&apos;, os.name: &apos;Windows 8.1&apos;, os.arch: &apos;amd64&apos;, os.version: &apos;6.3&apos;, java.version: &apos;1.8.0_25&apos;
Driver info: org.openqa.selenium.firefox.FirefoxDriver
Capabilities {acceptInsecureCerts: true, browserName: firefox, browserVersion: 58.0.2, javascriptEnabled: true, moz:accessibilityChecks: false, moz:headless: false, moz:processID: 19604, moz:profile: C:\Users\KhutheleM\AppData\..., moz:webdriverClick: true, pageLoadStrategy: normal, platform: XP, platformName: XP, platformVersion: 10.0, rotatable: false, timeouts: {implicit: 0, pageLoad: 300000, script: 30000}}
Session ID: 70855035-fbad-4ee2-ad06-0b315ae4379c
*** Element info: {Using=link text, value=Register for a service}
	at sun.reflect.NativeConstructorAccessorImpl.newInstance0(Native Method)
	at sun.reflect.NativeConstructorAccessorImpl.newInstance(NativeConstructorAccessorImpl.java:62)
	at sun.reflect.DelegatingConstructorAccessorImpl.newInstance(DelegatingConstructorAccessorImpl.java:45)
	at java.lang.reflect.Constructor.newInstance(Constructor.java:408)
	at org.openqa.selenium.remote.http.W3CHttpResponseCodec.createException(W3CHttpResponseCodec.java:187)
	at org.openqa.selenium.remote.http.W3CHttpResponseCodec.decode(W3CHttpResponseCodec.java:122)
	at org.openqa.selenium.remote.http.W3CHttpResponseCodec.decode(W3CHttpResponseCodec.java:49)
	at org.openqa.selenium.remote.HttpCommandExecutor.execute(HttpCommandExecutor.java:160)
	at org.openqa.selenium.remote.service.DriverCommandExecutor.execute(DriverCommandExecutor.java:83)
	at org.openqa.selenium.remote.RemoteWebDriver.execute(RemoteWebDriver.java:601)
	at org.openqa.selenium.remote.RemoteWebDriver.findElement(RemoteWebDriver.java:371)
	at org.openqa.selenium.remote.RemoteWebDriver.findElementByLinkText(RemoteWebDriver.java:425)
	at org.openqa.selenium.By$ByLinkText.findElement(By.java:246)
	at org.openqa.selenium.remote.RemoteWebDriver.findElement(RemoteWebDriver.java:363)
	at org.openqa.selenium.support.pagefactory.DefaultElementLocator.findElement(DefaultElementLocator.java:69)
	at org.openqa.selenium.support.pagefactory.internal.LocatingElementHandler.invoke(LocatingElementHandler.java:38)
	at com.sun.proxy.$Proxy8.isDisplayed(Unknown Source)
	at eohmc.selenium.core.pagesObjects.om.HomePagePageObjects.IsRegistrationDisplayed(HomePagePageObjects.java:59)
	at eohmc.selenium.core.testCases.om.TS1_CheckSiteStatusTestClass.verifyHomepageExist(TS1_CheckSiteStatusTestClass.java:67)
</failure>
    <system-err>1520337702049	geckodriver	INFO	geckodriver 0.19.1 (0000000000000000000000000000000000000000 2017-10-31)
1520337702057	geckodriver	INFO	Listening on 127.0.0.1:21307
1520337702720	mozrunner::runner	INFO	Running command: &quot;C:\\Program Files\\Mozilla Firefox\\firefox.exe&quot; &quot;-marionette&quot; &quot;-profile&quot; &quot;C:\\Users\\KHUTHE~1\\AppData\\Local\\Temp\\rust_mozprofile.JXNWrwu0rTnS&quot;
Unable to read VR Path Registry from C:\Users\KhutheleM\AppData\Local\openvr\openvrpaths.vrpath
1520337703501	Marionette	INFO	Enabled via --marionette
Unable to read VR Path Registry from C:\Users\KhutheleM\AppData\Local\openvr\openvrpaths.vrpath
Unable to read VR Path Registry from C:\Users\KhutheleM\AppData\Local\openvr\openvrpaths.vrpath
Unable to read VR Path Registry from C:\Users\KhutheleM\AppData\Local\openvr\openvrpaths.vrpath
Unable to read VR Path Registry from C:\Users\KhutheleM\AppData\Local\openvr\openvrpaths.vrpath
1520337706645	Marionette	INFO	Listening on port 54210
1520337706889	Marionette	WARN	TLS certificate errors will be ignored for this session
Mar 06, 2018 2:01:47 PM org.openqa.selenium.remote.ProtocolHandshake createSession
INFO: Detected dialect: W3C
JavaScript warning: https://www.oldmutual.co.za/Sitefinity/WebsiteTemplates/OMEM_WCMS/App_Themes/OMGreen/js/jquery-1.10.2.min.js, line 1: Using //@ to indicate sourceMappingURL pragmas is deprecated. Use //# instead
JavaScript warning: https://www.oldmutual.co.za/assets/content/lib/jquery-1.10.2.min.js, line 1: Using //@ to indicate sourceMappingURL pragmas is deprecated. Use //# instead
JavaScript error: https://www.oldmutual.co.za/V5/js/jquery.omcoza.required.min.js, line 141: TypeError: f is null
JavaScript warning: https://www.oldmutual.co.za/Sitefinity/WebsiteTemplates/OMEM_WCMS/App_Themes/OMGreen/js/jquery-1.10.2.min.js, line 1: Using //@ to indicate sourceMappingURL pragmas is deprecated. Use //# instead
JavaScript warning: https://www.oldmutual.co.za/assets/content/lib/jquery-1.10.2.min.js, line 1: Using //@ to indicate sourceMappingURL pragmas is deprecated. Use //# instead
JavaScript error: https://www.oldmutual.co.za/V5/js/jquery.omcoza.required.min.js, line 141: TypeError: f is null
[Child 2848, Chrome_ChildThread] WARNING: pipe error: 109: file z:/build/build/src/ipc/chromium/src/chrome/common/ipc_channel_win.cc, line 346
*** UTM:SVC TimerManager:registerTimer called after profile-before-change notification. Ignoring timer registration for id: telemetry_modules_ping
[GPU 21964, Chrome_ChildThread] WARNING: pipe error: 109: file z:/build/build/src/ipc/chromium/src/chrome/common/ipc_channel_win.cc, line 346

###!!! [Child][MessageChannel::SendAndWait] Error: Channel error: cannot send/recv

1520337740047	geckodriver::marionette	ERROR	Failed to kill browser process
</system-err>
  </testcase>
</testsuite>