<?xml version="1.0" encoding="UTF-8"?>
<testng-results skipped="0" failed="0" ignored="0" total="1" passed="1">
  <reporter-output>
  </reporter-output>
  <suite name="eohmc.selenium.core.testCases.cdp.loginTestClass" duration-ms="24551" started-at="2018-03-28T09:47:23Z" finished-at="2018-03-28T09:47:47Z">
    <groups>
    </groups>
    <test name="Command line test" duration-ms="24551" started-at="2018-03-28T09:47:23Z" finished-at="2018-03-28T09:47:47Z">
      <class name="eohmc.selenium.core.testCases.cdp.loginTestClass">
        <test-method status="PASS" signature="setUpReportListener()[pri:0, instance:eohmc.selenium.core.testCases.cdp.loginTestClass@57250572]" name="setUpReportListener" is-config="true" duration-ms="215" started-at="2018-03-28T09:47:22Z" finished-at="2018-03-28T09:47:23Z">
          <reporter-output>
          </reporter-output>
        </test-method> <!-- setUpReportListener -->
        <test-method status="PASS" signature="LoginDetails(java.lang.String, java.lang.String)[pri:1, instance:eohmc.selenium.core.testCases.cdp.loginTestClass@57250572]" name="LoginDetails" duration-ms="23301" started-at="2018-03-28T09:47:24Z" data-provider="CDPLoginDetailsData" finished-at="2018-03-28T09:47:47Z">
          <params>
            <param index="0">
              <value>
                <![CDATA[khuthele.manakaza@eoh.com]]>
              </value>
            </param>
            <param index="1">
              <value>
                <![CDATA[Pass@2019_kt]]>
              </value>
            </param>
          </params>
          <reporter-output>
          </reporter-output>
        </test-method> <!-- LoginDetails -->
        <test-method status="PASS" signature="getResult(org.testng.ITestResult)[pri:0, instance:eohmc.selenium.core.testCases.cdp.loginTestClass@57250572]" name="getResult" is-config="true" duration-ms="1" started-at="2018-03-28T09:47:47Z" finished-at="2018-03-28T09:47:47Z">
          <params>
            <param index="0">
              <value>
                <![CDATA[[TestResult name=LoginDetails status=SUCCESS method=loginTestClass.LoginDetails(java.lang.String, java.lang.String)[pri:1, instance:eohmc.selenium.core.testCases.cdp.loginTestClass@57250572] output={null}]]]>
              </value>
            </param>
          </params>
          <reporter-output>
          </reporter-output>
        </test-method> <!-- getResult -->
        <test-method status="PASS" signature="tearDown()[pri:0, instance:eohmc.selenium.core.testCases.cdp.loginTestClass@57250572]" name="tearDown" is-config="true" duration-ms="508" started-at="2018-03-28T09:47:47Z" finished-at="2018-03-28T09:47:48Z">
          <reporter-output>
          </reporter-output>
        </test-method> <!-- tearDown -->
      </class> <!-- eohmc.selenium.core.testCases.cdp.loginTestClass -->
    </test> <!-- Command line test -->
  </suite> <!-- eohmc.selenium.core.testCases.cdp.loginTestClass -->
</testng-results>
