<?xml version="1.0" encoding="UTF-8" ?>
<testsuite tests="2" failures="2" name="eohmc.selenium.core.testCases.om.TS3_RegisterTaxFreeAccountTestClass" time="55.165" errors="0" skipped="0">
  <properties>
[...]
</properties>
  <testcase classname="eohmc.selenium.core.testCases.om.TS3_RegisterTaxFreeAccountTestClass" name="RegisterForAccount" time="22.241">
    <failure message="Unable to locate element: //div[@id=&apos;navbar&apos;]/..//ul/li/a[text() = &apos;Careers&apos;]
For documentation on this error, please visit: http://seleniumhq.org/exceptions/no_such_element.html
Build info: version: &apos;3.9.1&apos;, revision: &apos;63f7b50&apos;, time: &apos;2018-02-07T22:25:02.294Z&apos;
System info: host: &apos;R90N0UZM-PC&apos;, ip: &apos;10.3.27.154&apos;, os.name: &apos;Windows 8.1&apos;, os.arch: &apos;amd64&apos;, os.version: &apos;6.3&apos;, java.version: &apos;1.8.0_25&apos;
Driver info: org.openqa.selenium.firefox.FirefoxDriver
Capabilities {acceptInsecureCerts: true, browserName: firefox, browserVersion: 58.0.2, javascriptEnabled: true, moz:accessibilityChecks: false, moz:headless: false, moz:processID: 3432, moz:profile: C:\Users\KhutheleM\AppData\..., moz:webdriverClick: true, pageLoadStrategy: normal, platform: XP, platformName: XP, platformVersion: 10.0, rotatable: false, timeouts: {implicit: 0, pageLoad: 300000, script: 30000}}
Session ID: afd4a930-ed8b-4397-8f83-81475b558d55
*** Element info: {Using=xpath, value=//div[@id=&apos;navbar&apos;]/..//ul/li/a[text() = &apos;Careers&apos;]}" type="org.openqa.selenium.NoSuchElementException">org.openqa.selenium.NoSuchElementException: Unable to locate element: //div[@id=&apos;navbar&apos;]/..//ul/li/a[text() = &apos;Careers&apos;]
For documentation on this error, please visit: http://seleniumhq.org/exceptions/no_such_element.html
Build info: version: &apos;3.9.1&apos;, revision: &apos;63f7b50&apos;, time: &apos;2018-02-07T22:25:02.294Z&apos;
System info: host: &apos;R90N0UZM-PC&apos;, ip: &apos;10.3.27.154&apos;, os.name: &apos;Windows 8.1&apos;, os.arch: &apos;amd64&apos;, os.version: &apos;6.3&apos;, java.version: &apos;1.8.0_25&apos;
Driver info: org.openqa.selenium.firefox.FirefoxDriver
Capabilities {acceptInsecureCerts: true, browserName: firefox, browserVersion: 58.0.2, javascriptEnabled: true, moz:accessibilityChecks: false, moz:headless: false, moz:processID: 3432, moz:profile: C:\Users\KhutheleM\AppData\..., moz:webdriverClick: true, pageLoadStrategy: normal, platform: XP, platformName: XP, platformVersion: 10.0, rotatable: false, timeouts: {implicit: 0, pageLoad: 300000, script: 30000}}
Session ID: afd4a930-ed8b-4397-8f83-81475b558d55
*** Element info: {Using=xpath, value=//div[@id=&apos;navbar&apos;]/..//ul/li/a[text() = &apos;Careers&apos;]}
	at sun.reflect.NativeConstructorAccessorImpl.newInstance0(Native Method)
	at sun.reflect.NativeConstructorAccessorImpl.newInstance(NativeConstructorAccessorImpl.java:62)
	at sun.reflect.DelegatingConstructorAccessorImpl.newInstance(DelegatingConstructorAccessorImpl.java:45)
	at java.lang.reflect.Constructor.newInstance(Constructor.java:408)
	at org.openqa.selenium.remote.http.W3CHttpResponseCodec.createException(W3CHttpResponseCodec.java:187)
	at org.openqa.selenium.remote.http.W3CHttpResponseCodec.decode(W3CHttpResponseCodec.java:122)
	at org.openqa.selenium.remote.http.W3CHttpResponseCodec.decode(W3CHttpResponseCodec.java:49)
	at org.openqa.selenium.remote.HttpCommandExecutor.execute(HttpCommandExecutor.java:160)
	at org.openqa.selenium.remote.service.DriverCommandExecutor.execute(DriverCommandExecutor.java:83)
	at org.openqa.selenium.remote.RemoteWebDriver.execute(RemoteWebDriver.java:601)
	at org.openqa.selenium.remote.RemoteWebDriver.findElement(RemoteWebDriver.java:371)
	at org.openqa.selenium.remote.RemoteWebDriver.findElementByXPath(RemoteWebDriver.java:473)
	at org.openqa.selenium.By$ByXPath.findElement(By.java:361)
	at org.openqa.selenium.remote.RemoteWebDriver.findElement(RemoteWebDriver.java:363)
	at org.openqa.selenium.support.pagefactory.DefaultElementLocator.findElement(DefaultElementLocator.java:69)
	at org.openqa.selenium.support.pagefactory.internal.LocatingElementHandler.invoke(LocatingElementHandler.java:38)
	at com.sun.proxy.$Proxy9.isDisplayed(Unknown Source)
	at eohmc.selenium.core.pagesObjects.om.RegisterTaxCalculatorPageObjects.IsCareerLinkDisplayed(RegisterTaxCalculatorPageObjects.java:146)
	at eohmc.selenium.core.testCases.om.TS3_RegisterTaxFreeAccountTestClass.RegisterForAccount(TS3_RegisterTaxFreeAccountTestClass.java:116)
</failure>
    <system-err>1521196573413	geckodriver	INFO	geckodriver 0.19.1 (0000000000000000000000000000000000000000 2017-10-31)
1521196573422	geckodriver	INFO	Listening on 127.0.0.1:38995
1521196574567	mozrunner::runner	INFO	Running command: &quot;C:\\Program Files\\Mozilla Firefox\\firefox.exe&quot; &quot;-marionette&quot; &quot;-profile&quot; &quot;C:\\Users\\KHUTHE~1\\AppData\\Local\\Temp\\rust_mozprofile.wFki3uYT9AMh&quot;
Unable to read VR Path Registry from C:\Users\KhutheleM\AppData\Local\openvr\openvrpaths.vrpath
1521196576493	Marionette	INFO	Enabled via --marionette
Unable to read VR Path Registry from C:\Users\KhutheleM\AppData\Local\openvr\openvrpaths.vrpath
Unable to read VR Path Registry from C:\Users\KhutheleM\AppData\Local\openvr\openvrpaths.vrpath
Unable to read VR Path Registry from C:\Users\KhutheleM\AppData\Local\openvr\openvrpaths.vrpath
Unable to read VR Path Registry from C:\Users\KhutheleM\AppData\Local\openvr\openvrpaths.vrpath
1521196581068	Marionette	INFO	Listening on port 57510
1521196582008	Marionette	WARN	TLS certificate errors will be ignored for this session
Mar 16, 2018 12:36:22 PM org.openqa.selenium.remote.ProtocolHandshake createSession
INFO: Detected dialect: W3C
JavaScript warning: https://www.oldmutual.co.za/Sitefinity/WebsiteTemplates/OMEM_WCMS/App_Themes/OMGreen/js/jquery-1.10.2.min.js, line 1: Using //@ to indicate sourceMappingURL pragmas is deprecated. Use //# instead
JavaScript warning: https://www.oldmutual.co.za/assets/content/lib/jquery-1.10.2.min.js, line 1: Using //@ to indicate sourceMappingURL pragmas is deprecated. Use //# instead
JavaScript error: https://www.oldmutual.co.za/V5/js/jquery.omcoza.required.min.js, line 141: TypeError: f is null
JavaScript warning: https://www.oldmutual.co.za/Sitefinity/WebsiteTemplates/OMEM_WCMS/App_Themes/OMGreen/js/jquery-1.10.2.min.js, line 1: Using //@ to indicate sourceMappingURL pragmas is deprecated. Use //# instead
JavaScript warning: https://www.oldmutual.co.za/assets/content/lib/jquery-1.10.2.min.js, line 1: Using //@ to indicate sourceMappingURL pragmas is deprecated. Use //# instead
JavaScript error: https://www.oldmutual.co.za/V5/js/jquery.omcoza.required.min.js, line 141: TypeError: f is null
</system-err>
  </testcase>
  <testcase classname="eohmc.selenium.core.testCases.om.TS3_RegisterTaxFreeAccountTestClass" name="tearDown" time="24.239">
    <failure message="com.sun.mail.util.TraceInputStream.&lt;init&gt;(Ljava/io/InputStream;Lcom/sun/mail/util/MailLogger;)V" type="java.lang.NoSuchMethodError">java.lang.NoSuchMethodError: com.sun.mail.util.TraceInputStream.&lt;init&gt;(Ljava/io/InputStream;Lcom/sun/mail/util/MailLogger;)V
	at com.sun.mail.smtp.SMTPTransport.initStreams(SMTPTransport.java:2174)
	at com.sun.mail.smtp.SMTPTransport.openServer(SMTPTransport.java:2093)
	at com.sun.mail.smtp.SMTPTransport.protocolConnect(SMTPTransport.java:712)
	at javax.mail.Service.connect(Service.java:313)
	at javax.mail.Service.connect(Service.java:172)
	at javax.mail.Service.connect(Service.java:121)
	at javax.mail.Transport.send0(Transport.java:190)
	at javax.mail.Transport.send(Transport.java:120)
	at eohmc.selenium.core.helperClasses.TestReportEmailHelper.emailReport(TestReportEmailHelper.java:129)
	at eohmc.selenium.core.helperClasses.BaseClassHelper.tearDown(BaseClassHelper.java:152)
	at sun.reflect.NativeMethodAccessorImpl.invoke0(Native Method)
	at sun.reflect.NativeMethodAccessorImpl.invoke(NativeMethodAccessorImpl.java:62)
	at sun.reflect.DelegatingMethodAccessorImpl.invoke(DelegatingMethodAccessorImpl.java:43)
	at java.lang.reflect.Method.invoke(Method.java:483)
	at org.testng.internal.MethodInvocationHelper.invokeMethod(MethodInvocationHelper.java:124)
	at org.testng.internal.MethodInvocationHelper.invokeMethodConsideringTimeout(MethodInvocationHelper.java:59)
	at org.testng.internal.Invoker.invokeConfigurationMethod(Invoker.java:455)
	at org.testng.internal.Invoker.invokeConfigurations(Invoker.java:222)
	at org.testng.internal.Invoker.invokeConfigurations(Invoker.java:142)
	at org.testng.SuiteRunner.privateRun(SuiteRunner.java:425)
	at org.testng.SuiteRunner.run(SuiteRunner.java:364)
	at org.testng.SuiteRunnerWorker.runSuite(SuiteRunnerWorker.java:52)
	at org.testng.SuiteRunnerWorker.run(SuiteRunnerWorker.java:84)
	at org.testng.TestNG.runSuitesSequentially(TestNG.java:1208)
	at org.testng.TestNG.runSuitesLocally(TestNG.java:1137)
	at org.testng.TestNG.runSuites(TestNG.java:1049)
	at org.testng.TestNG.run(TestNG.java:1017)
	at org.apache.maven.surefire.testng.TestNGExecutor.run(TestNGExecutor.java:70)
	at org.apache.maven.surefire.testng.TestNGDirectoryTestSuite.execute(TestNGDirectoryTestSuite.java:109)
	at org.apache.maven.surefire.testng.TestNGProvider.invoke(TestNGProvider.java:111)
	at sun.reflect.NativeMethodAccessorImpl.invoke0(Native Method)
	at sun.reflect.NativeMethodAccessorImpl.invoke(NativeMethodAccessorImpl.java:62)
	at sun.reflect.DelegatingMethodAccessorImpl.invoke(DelegatingMethodAccessorImpl.java:43)
	at java.lang.reflect.Method.invoke(Method.java:483)
	at org.apache.maven.surefire.util.ReflectionUtils.invokeMethodWithArray(ReflectionUtils.java:164)
	at org.apache.maven.surefire.booter.ProviderFactory$ProviderProxy.invoke(ProviderFactory.java:110)
	at org.apache.maven.surefire.booter.SurefireStarter.invokeProvider(SurefireStarter.java:175)
	at org.apache.maven.surefire.booter.SurefireStarter.runSuitesInProcessWhenForked(SurefireStarter.java:107)
	at org.apache.maven.surefire.booter.ForkedBooter.main(ForkedBooter.java:68)
</failure>
    <system-out>=====Sending report to email======
</system-out>
  </testcase>
</testsuite>