<?xml version="1.0" encoding="UTF-8" ?>
<testsuite tests="2" failures="1" name="eohmc.selenium.core.testCases.om.TS3_RegisterTaxFreeTestClass" time="40.23" errors="0" skipped="0">
  <properties>
[...]
</properties>
  <testcase classname="eohmc.selenium.core.testCases.om.TS3_RegisterTaxFreeTestClass" name="RegisterForAccount" time="16.676"/>
  <testcase classname="eohmc.selenium.core.testCases.om.TS3_RegisterTaxFreeTestClass" name="tearDown" time="18.366">
    <failure message="com.sun.mail.util.TraceInputStream.&lt;init&gt;(Ljava/io/InputStream;Lcom/sun/mail/util/MailLogger;)V" type="java.lang.NoSuchMethodError">java.lang.NoSuchMethodError: com.sun.mail.util.TraceInputStream.&lt;init&gt;(Ljava/io/InputStream;Lcom/sun/mail/util/MailLogger;)V
	at com.sun.mail.smtp.SMTPTransport.initStreams(SMTPTransport.java:2174)
	at com.sun.mail.smtp.SMTPTransport.openServer(SMTPTransport.java:2093)
	at com.sun.mail.smtp.SMTPTransport.protocolConnect(SMTPTransport.java:712)
	at javax.mail.Service.connect(Service.java:313)
	at javax.mail.Service.connect(Service.java:172)
	at javax.mail.Service.connect(Service.java:121)
	at javax.mail.Transport.send0(Transport.java:190)
	at javax.mail.Transport.send(Transport.java:120)
	at eohmc.selenium.core.helperClasses.TestReportEmailHelper.emailReport(TestReportEmailHelper.java:134)
	at eohmc.selenium.core.helperClasses.BaseClassHelper.tearDown(BaseClassHelper.java:152)
	at sun.reflect.NativeMethodAccessorImpl.invoke0(Native Method)
	at sun.reflect.NativeMethodAccessorImpl.invoke(NativeMethodAccessorImpl.java:62)
	at sun.reflect.DelegatingMethodAccessorImpl.invoke(DelegatingMethodAccessorImpl.java:43)
	at java.lang.reflect.Method.invoke(Method.java:483)
	at org.testng.internal.MethodInvocationHelper.invokeMethod(MethodInvocationHelper.java:124)
	at org.testng.internal.MethodInvocationHelper.invokeMethodConsideringTimeout(MethodInvocationHelper.java:59)
	at org.testng.internal.Invoker.invokeConfigurationMethod(Invoker.java:455)
	at org.testng.internal.Invoker.invokeConfigurations(Invoker.java:222)
	at org.testng.internal.Invoker.invokeConfigurations(Invoker.java:142)
	at org.testng.SuiteRunner.privateRun(SuiteRunner.java:425)
	at org.testng.SuiteRunner.run(SuiteRunner.java:364)
	at org.testng.SuiteRunnerWorker.runSuite(SuiteRunnerWorker.java:52)
	at org.testng.SuiteRunnerWorker.run(SuiteRunnerWorker.java:84)
	at org.testng.TestNG.runSuitesSequentially(TestNG.java:1208)
	at org.testng.TestNG.runSuitesLocally(TestNG.java:1137)
	at org.testng.TestNG.runSuites(TestNG.java:1049)
	at org.testng.TestNG.run(TestNG.java:1017)
	at org.apache.maven.surefire.testng.TestNGExecutor.run(TestNGExecutor.java:70)
	at org.apache.maven.surefire.testng.TestNGDirectoryTestSuite.execute(TestNGDirectoryTestSuite.java:109)
	at org.apache.maven.surefire.testng.TestNGProvider.invoke(TestNGProvider.java:111)
	at sun.reflect.NativeMethodAccessorImpl.invoke0(Native Method)
	at sun.reflect.NativeMethodAccessorImpl.invoke(NativeMethodAccessorImpl.java:62)
	at sun.reflect.DelegatingMethodAccessorImpl.invoke(DelegatingMethodAccessorImpl.java:43)
	at java.lang.reflect.Method.invoke(Method.java:483)
	at org.apache.maven.surefire.util.ReflectionUtils.invokeMethodWithArray(ReflectionUtils.java:164)
	at org.apache.maven.surefire.booter.ProviderFactory$ProviderProxy.invoke(ProviderFactory.java:110)
	at org.apache.maven.surefire.booter.SurefireStarter.invokeProvider(SurefireStarter.java:175)
	at org.apache.maven.surefire.booter.SurefireStarter.runSuitesInProcessWhenForked(SurefireStarter.java:107)
	at org.apache.maven.surefire.booter.ForkedBooter.main(ForkedBooter.java:68)
</failure>
    <system-out>=====Sending report to email======
</system-out>
  </testcase>
</testsuite>